<?xml version="1.0" encoding="UTF-8"?>
<testng-results ignored="0" total="2" passed="2" failed="0" skipped="0">
  <reporter-output>
  </reporter-output>
  <suite started-at="2021-02-08T11:07:29 EST" name="Default suite" finished-at="2021-02-08T11:07:38 EST" duration-ms="8376">
    <groups>
    </groups>
    <test started-at="2021-02-08T11:07:29 EST" name="Default test" finished-at="2021-02-08T11:07:38 EST" duration-ms="8376">
      <class name="Exercises.Exercise_TestNg">
        <test-method signature="login()[pri:0, instance:Exercises.Exercise_TestNg@776b83cc]" started-at="2021-02-08T11:07:29 EST" name="login" finished-at="2021-02-08T11:07:38 EST" duration-ms="8350" status="PASS">
          <reporter-output>
          </reporter-output>
        </test-method> <!-- login -->
        <test-method signature="logout()[pri:0, instance:Exercises.Exercise_TestNg@776b83cc]" started-at="2021-02-08T11:07:38 EST" name="logout" finished-at="2021-02-08T11:07:38 EST" duration-ms="1" status="PASS">
          <reporter-output>
          </reporter-output>
        </test-method> <!-- logout -->
      </class> <!-- Exercises.Exercise_TestNg -->
    </test> <!-- Default test -->
  </suite> <!-- Default suite -->
</testng-results>
